<?xml version="1.0" encoding="UTF-8"?>
<!-- Generated by org.testng.reporters.JUnitXMLReporter -->
<testsuite hostname="DSHYD-100" ignored="0" name="Cucumeber Test" tests="0" failures="0" timestamp="15 Apr 2019 08:53:12 GMT" time="0.036" errors="0">
  <testcase name="@BeforeClass setUpClass" time="0.015" classname="cucumber.api.testng.AbstractTestNGCucumberTests">
    <failure type="java.lang.NoClassDefFoundError" message="gherkin/IGherkinDialectProvider">
      <![CDATA[java.lang.NoClassDefFoundError: gherkin/IGherkinDialectProvider
at cucumber.runtime.RuntimeOptionsFactory.create(RuntimeOptionsFactory.java:23)
at cucumber.api.testng.TestNGCucumberRunner.<init>(TestNGCucumberRunner.java:49)
at cucumber.api.testng.AbstractTestNGCucumberTests.setUpClass(AbstractTestNGCucumberTests.java:16)
Caused by: java.lang.ClassNotFoundException: gherkin.IGherkinDialectProvider
at java.net.URLClassLoader.findClass(URLClassLoader.java:381)
at java.lang.ClassLoader.loadClass(ClassLoader.java:424)
at sun.misc.Launcher$AppClassLoader.loadClass(Launcher.java:335)
at java.lang.ClassLoader.loadClass(ClassLoader.java:357)
... 29 more
... Removed 26 stack frames]]>
    </failure>
  </testcase> <!-- @BeforeClass setUpClass -->
  <testcase name="@BeforeClass onStart" time="0.0" classname="step_definitions.RunCukesTest">
    <skipped/>
  </testcase> <!-- @BeforeClass onStart -->
  <testcase name="@AfterClass onFinish" time="0.0" classname="step_definitions.RunCukesTest">
    <skipped/>
  </testcase> <!-- @AfterClass onFinish -->
</testsuite> <!-- Cucumeber Test -->
